<?xml version="1.0" encoding="UTF-8"?>
<!-- Generated by org.testng.reporters.JUnitReportReporter -->
<testsuite hostname="LAPTOP-F4VV9KSQ" failures="0" tests="1" name="extentReport.TestScript01" time="12.091" errors="0" timestamp="2024-05-25T08:11:25 IST" skipped="0">
  <testcase classname="extentReport.TestScript01" name="script1" time="12.091"/>
  <system-out/>
</testsuite> <!-- extentReport.TestScript01 -->
