<?xml version="1.0" encoding="UTF-8"?>
<!-- Generated by org.testng.reporters.JUnitReportReporter -->
<testsuite hostname="LAPTOP-F4VV9KSQ" failures="0" tests="1" name="ecomm.AddToCartInDemoWebShop_Test" time="20.994" errors="0" timestamp="2024-05-23T08:07:48 IST" skipped="0">
  <testcase classname="ecomm.AddToCartInDemoWebShop_Test" name="addToCart" time="20.994"/>
  <system-out/>
</testsuite> <!-- ecomm.AddToCartInDemoWebShop_Test -->
