<?xml version="1.0" encoding="UTF-8"?>
<!-- Generated by org.testng.reporters.JUnitReportReporter -->
<testsuite hostname="LAPTOP-F4VV9KSQ" failures="0" tests="1" name="ecomm.LoginDemoWebShop" time="13.258" errors="0" timestamp="2024-05-21T08:45:00 IST" skipped="0">
  <testcase classname="ecomm.LoginDemoWebShop" name="login" time="13.258"/>
  <system-out/>
</testsuite> <!-- ecomm.LoginDemoWebShop -->
