<?xml version="1.0" encoding="UTF-8"?>
<!-- Generated by org.testng.reporters.JUnitReportReporter -->
<testsuite hostname="LAPTOP-F4VV9KSQ" failures="0" tests="1" name="beauty.LaunchSugar" time="12.206" errors="0" timestamp="2024-05-21T08:29:47 IST" skipped="0">
  <testcase classname="beauty.LaunchSugar" name="sugar" time="12.206"/>
  <system-out/>
</testsuite> <!-- beauty.LaunchSugar -->
