<?xml version="1.0" encoding="UTF-8"?>
<!-- Generated by org.testng.reporters.JUnitReportReporter -->
<testsuite hostname="LAPTOP-F4VV9KSQ" failures="0" tests="1" name="extentReport.TestScript02" time="11.656" errors="0" timestamp="2024-05-25T08:54:02 IST" skipped="0">
  <testcase classname="extentReport.TestScript02" name="script2" time="11.656"/>
  <system-out/>
</testsuite> <!-- extentReport.TestScript02 -->
