<?xml version="1.0" encoding="UTF-8"?>
<!-- Generated by org.testng.reporters.JUnitReportReporter -->
<testsuite hostname="LAPTOP-F4VV9KSQ" failures="0" tests="1" name="food.LaunchSwiggy" time="8.273" errors="0" timestamp="2024-05-21T08:34:50 IST" skipped="0">
  <testcase classname="food.LaunchSwiggy" name="swiggy" time="8.273"/>
  <system-out/>
</testsuite> <!-- food.LaunchSwiggy -->
