<?xml version="1.0" encoding="UTF-8"?>
<!-- Generated by org.testng.reporters.JUnitReportReporter -->
<testsuite hostname="LAPTOP-F4VV9KSQ" failures="0" tests="1" name="beauty.LaunchLakme" time="12.381" errors="0" timestamp="2024-05-21T08:29:29 IST" skipped="0">
  <testcase classname="beauty.LaunchLakme" name="lakme" time="12.381"/>
  <system-out/>
</testsuite> <!-- beauty.LaunchLakme -->
