<?xml version="1.0" encoding="UTF-8"?>
<!-- Generated by org.testng.reporters.JUnitReportReporter -->
<testsuite hostname="LAPTOP-F4VV9KSQ" failures="0" tests="1" name="food.LaunchZomato" time="10.379" errors="0" timestamp="2024-05-21T08:34:35 IST" skipped="0">
  <testcase classname="food.LaunchZomato" name="zomato" time="10.379"/>
  <system-out/>
</testsuite> <!-- food.LaunchZomato -->
