<?xml version="1.0" encoding="UTF-8"?>
<!-- Generated by org.testng.reporters.JUnitReportReporter -->
<testsuite hostname="LAPTOP-F4VV9KSQ" failures="0" tests="1" name="food.LaunchKFC" time="8.205" errors="0" timestamp="2024-05-21T08:35:08 IST" skipped="0">
  <testcase classname="food.LaunchKFC" name="kfc" time="8.205"/>
  <system-out/>
</testsuite> <!-- food.LaunchKFC -->
