<?xml version="1.0" encoding="UTF-8"?>
<!-- Generated by org.testng.reporters.JUnitReportReporter -->
<testsuite hostname="LAPTOP-F4VV9KSQ" failures="0" tests="1" name="beauty.LaunchNykaa" time="7.759" errors="0" timestamp="2024-05-21T08:22:03 IST" skipped="0">
  <testcase classname="beauty.LaunchNykaa" name="nykaa" time="7.759"/>
  <system-out/>
</testsuite> <!-- beauty.LaunchNykaa -->
