<?xml version="1.0" encoding="UTF-8"?>
<!-- Generated by org.testng.reporters.JUnitReportReporter -->
<testsuite hostname="LAPTOP-F4VV9KSQ" failures="0" tests="1" name="ecomm.RegisterInDemoWebShop" time="10.206" errors="0" timestamp="2024-05-21T09:04:28 IST" skipped="0">
  <testcase classname="ecomm.RegisterInDemoWebShop" name="registerTestCase" time="10.206"/>
  <system-out/>
</testsuite> <!-- ecomm.RegisterInDemoWebShop -->
