<?xml version="1.0" encoding="UTF-8"?>
<!-- Generated by org.testng.reporters.JUnitReportReporter -->
<testsuite hostname="LAPTOP-F4VV9KSQ" failures="0" tests="1" name="ecomm.AddToCartInDemoWebShop" time="22.370" errors="0" timestamp="2024-05-21T09:03:51 IST" skipped="0">
  <testcase classname="ecomm.AddToCartInDemoWebShop" name="login" time="22.370"/>
  <system-out/>
</testsuite> <!-- ecomm.AddToCartInDemoWebShop -->
