<?xml version="1.0" encoding="UTF-8"?>
<!-- Generated by org.testng.reporters.JUnitReportReporter -->
<testsuite hostname="LAPTOP-F4VV9KSQ" failures="0" tests="1" name="ecomm.RegisterInDemoWebShop_Test" time="10.992" errors="0" timestamp="2024-05-24T07:45:32 IST" skipped="0">
  <testcase classname="ecomm.RegisterInDemoWebShop_Test" name="registerTestCase" time="10.992"/>
  <system-out/>
</testsuite> <!-- ecomm.RegisterInDemoWebShop_Test -->
