<?xml version="1.0" encoding="UTF-8"?>
<!-- Generated by org.testng.reporters.JUnitReportReporter -->
<testsuite hostname="LAPTOP-F4VV9KSQ" failures="0" tests="1" name="beauty.LaunchSugar_Test" time="15.903" errors="0" timestamp="2024-05-24T07:54:08 IST" skipped="0">
  <testcase classname="beauty.LaunchSugar_Test" name="sugar" time="15.903"/>
  <system-out/>
</testsuite> <!-- beauty.LaunchSugar_Test -->
