<?xml version="1.0" encoding="UTF-8"?>
<!-- Generated by org.testng.reporters.JUnitReportReporter -->
<testsuite hostname="LAPTOP-F4VV9KSQ" failures="0" tests="1" name="food.LaunchSwiggy_Test" time="11.330" errors="0" timestamp="2024-05-24T07:56:14 IST" skipped="0">
  <testcase classname="food.LaunchSwiggy_Test" name="swiggy" time="11.330"/>
  <system-out/>
</testsuite> <!-- food.LaunchSwiggy_Test -->
