<?xml version="1.0" encoding="UTF-8"?>
<!-- Generated by org.testng.reporters.JUnitReportReporter -->
<testsuite hostname="LAPTOP-F4VV9KSQ" failures="0" tests="1" name="ecomm.LoginDemoWebShop_Test" time="15.742" errors="0" timestamp="2024-05-24T07:45:32 IST" skipped="0">
  <testcase classname="ecomm.LoginDemoWebShop_Test" name="login" time="15.742"/>
  <system-out/>
</testsuite> <!-- ecomm.LoginDemoWebShop_Test -->
