<?xml version="1.0" encoding="UTF-8"?>
<!-- Generated by org.testng.reporters.JUnitReportReporter -->
<testsuite hostname="LAPTOP-F4VV9KSQ" failures="0" tests="1" name="food.LaunchZomato_Test" time="11.835" errors="0" timestamp="2024-05-24T07:56:14 IST" skipped="0">
  <testcase classname="food.LaunchZomato_Test" name="zomato" time="11.835"/>
  <system-out/>
</testsuite> <!-- food.LaunchZomato_Test -->
